<?xml version="1.0" encoding="UTF-8"?>
<!-- Generated by org.testng.reporters.JUnitReportReporter -->
<testsuite hostname="Lenovo" failures="0" tests="1" name="guvi_project3.TC_2" time="42.203" errors="0" timestamp="2023-01-07T23:01:58 IST" skipped="0">
  <testcase classname="guvi_project3.TC_2" name="Test2" time="42.203"/>
  <system-out/>
</testsuite> <!-- guvi_project3.TC_2 -->
