<?xml version="1.0" encoding="UTF-8"?>
<!-- Generated by org.testng.reporters.JUnitReportReporter -->
<testsuite hostname="Lenovo" failures="0" tests="1" name="guvi_project3.TC_3_4" time="76.246" errors="0" timestamp="2023-01-04T11:08:34 IST" skipped="0">
  <testcase classname="guvi_project3.TC_3_4" name="test3" time="76.246"/>
  <system-out/>
</testsuite> <!-- guvi_project3.TC_3_4 -->
