<?xml version="1.0" encoding="UTF-8"?>
<!-- Generated by org.testng.reporters.JUnitReportReporter -->
<testsuite hostname="Lenovo" failures="0" tests="1" name="guvi_project3.Base_class" time="56.886" errors="0" timestamp="2023-01-03T11:10:09 IST" skipped="0">
  <testcase classname="guvi_project3.Base_class" name="login" time="56.886"/>
  <system-out/>
</testsuite> <!-- guvi_project3.Base_class -->
